2019/05/08 17:00:20 main.py[func:initLogger() line:27] MainThread-DEBUG: 配置日志系统
2019/05/08 17:00:20 main.py[func:initLogger() line:28] MainThread-INFO: 虚拟机监控恢复系统开始运行
2019/05/08 17时00分20秒 userInterfaceController.py[func:getVms() line:73] MainThread-DEBUG: self.vms:['ubuntu']
2019/05/08 17时00分20秒 userInterfaceController.py[func:getVmtypes() line:86] MainThread-DEBUG: 从volatility中获取可用的虚拟机类型
['LinuxUbuntu1204_23x86', 'LinuxUbuntu1604_130x64', 'LinuxUbuntu1604_138x64', 'LinuxUbuntu1604_139x64', 'LinuxUbuntu1604_145x64', 'VistaSP0x64', 'VistaSP0x86', 'VistaSP1x64', 'VistaSP1x86', 'VistaSP2x64', 'VistaSP2x86', 'Win10x64', 'Win10x64_10586', 'Win10x64_14393', 'Win10x86', 'Win10x86_10586', 'Win10x86_14393', 'Win2003SP0x86', 'Win2003SP1x64', 'Win2003SP1x86', 'Win2003SP2x64', 'Win2003SP2x86', 'Win2008R2SP0x64', 'Win2008R2SP1x64', 'Win2008R2SP1x64_23418', 'Win2008SP1x64', 'Win2008SP1x86', 'Win2008SP2x64', 'Win2008SP2x86', 'Win2012R2x64', 'Win2012R2x64_18340', 'Win2012x64', 'Win2016x64_14393', 'Win7SP0x64', 'Win7SP0x86', 'Win7SP1x64', 'Win7SP1x64_23418', 'Win7SP1x86', 'Win7SP1x86_23418', 'Win81U1x64', 'Win81U1x86', 'Win8SP0x64', 'Win8SP0x86', 'Win8SP1x64', 'Win8SP1x64_18340', 'Win8SP1x86', 'WinXPSP1x64', 'WinXPSP2x64', 'WinXPSP2x86', 'WinXPSP3x86']
2019/05/08 17时00分24秒 vmConf.py[func:getConfFromFile() line:124] MainThread-INFO: 从配置文件ubuntu.vmconf中读取配置
2019/05/08 17时00分24秒 vmConf.py[func:getConfFromFile() line:125] MainThread-DEBUG: 读取出的配置：{u'ip': u'10.108.167.229', u'系统名称': 'ubuntu', u'用户名': u'vm', u'是否检查Rootkit': u'否', u'端口监控列表': [], u'密码': u'123456', u'检测到Rootkit后的策略': u'恢复虚拟机', u'系统类型': u'LinuxUbuntu1604_145x64', u'进程监控列表': [(u'dockerd', u'禁止', u'关闭进程', u'')]}
2019/05/08 17时00分27秒 vmGuiAction.py[func:save() line:215] MainThread-DEBUG: 从界面获取的设置： psMonitor:[(u'dockerd', u'禁止', u'关闭进程', u'')] ptMonitor:[]
2019/05/08 17时00分27秒 vmConf.py[func:setConf() line:103] MainThread-DEBUG: ubuntu配置信息保存到VmConf类中
2019/05/08 17时00分27秒 vmConf.py[func:setConf() line:104] MainThread-DEBUG: 当前配置:{ip': 10.108.167.229', 系统名称': 'ubunt, 用户名': vm', 是否检查Rootkit': 否', 端口监控列表': [], 密码': 123456', 检测到Rootkit后的策略': 恢复虚拟机', 系统类型': LinuxUbuntu1604_145x64', 进程监控列表': [(dockerd', 禁止', 关闭进程', ')]}
2019/05/08 17时00分27秒 vmConf.py[func:setConfToFile() line:138] MainThread-INFO: 虚拟机ubuntu配置信息保存到文件中
2019/05/08 17时00分28秒 vmGuiAction.py[func:save() line:215] MainThread-DEBUG: 从界面获取的设置： psMonitor:[(u'dockerd', u'禁止', u'关闭进程', u'')] ptMonitor:[]
2019/05/08 17时00分28秒 vmConf.py[func:setConf() line:103] MainThread-DEBUG: ubuntu配置信息保存到VmConf类中
2019/05/08 17时00分28秒 vmConf.py[func:setConf() line:104] MainThread-DEBUG: 当前配置:{ip': 10.108.167.229', 系统名称': 'ubunt, 用户名': vm', 是否检查Rootkit': 否', 端口监控列表': [], 密码': 123456', 检测到Rootkit后的策略': 恢复虚拟机', 系统类型': LinuxUbuntu1604_145x64', 进程监控列表': [(dockerd', 禁止', 关闭进程', ')]}
2019/05/08 17时00分28秒 vmConf.py[func:setConfToFile() line:138] MainThread-INFO: 虚拟机ubuntu配置信息保存到文件中
2019/05/08 17时00分28秒 vmController.py[func:startMonitor() line:55] Thread-ubuntu-INFO: 开始监控虚拟机ubuntu
2019/05/08 17时00分28秒 userInterfaceController.py[func:startMonitorVm() line:150] MainThread-DEBUG: 已有虚拟机监控列表：名称:线程:['ubuntu']
2019/05/08 17时00分28秒 vmInspection.py[func:getNeedData() line:34] Thread-ubuntu-INFO: 从虚拟机ubuntu获取数据中...
sudo python /home/sqq/IdeaProjects/JavaMemory/volatility-2.6/vol.py --profile=LinuxUbuntu1604_145x64 -l vmi://ubuntu linux_pslist
2019/05/08 17时00分52秒 vmController.py[func:startMonitor() line:68] Thread-ubuntu-DEBUG: 
name:ubuntu
process:[
Offset             Name                 Pid             PPid            Uid             Gid    DTB                Start Time
------------------ -------------------- --------------- --------------- --------------- ------ ------------------ ----------
0xffff88003e3f8000 systemd              1               0               0               0      0x000000003db9c000 2019-05-08 08:05:55 UTC+0000
0xffff88003e3f8cc0 kthreadd             2               0               0               0      ------------------ 2019-05-08 08:05:55 UTC+0000
0xffff88003e3f9980 ksoftirqd/0          3               2               0               0      ------------------ 2019-05-08 08:05:55 UTC+0000
0xffff88003e3fb300 kworker/0:0H         5               2               0               0      ------------------ 2019-05-08 08:05:55 UTC+0000
0xffff88003e3fbfc0 kworker/u2:0         6               2               0               0      ------------------ 2019-05-08 08:05:55 UTC+0000
0xffff88003e3fcc80 rcu_sched            7               2               0               0      ------------------ 2019-05-08 08:05:55 UTC+0000
0xffff88003e3fd940 rcu_bh               8               2               0               0      ------------------ 2019-05-08 08:05:55 UTC+0000
0xffff88003e3fe600 migration/0          9               2               0               0      ------------------ 2019-05-08 08:05:55 UTC+0000
0xffff88003e3ff2c0 watchdog/0           10              2               0               0      ------------------ 2019-05-08 08:05:55 UTC+0000
0xffff88003d868000 kdevtmpfs            11              2               0               0      ------------------ 2019-05-08 08:05:55 UTC+0000
0xffff88003d868cc0 netns                12              2               0               0      ------------------ 2019-05-08 08:05:55 UTC+0000
0xffff88003d869980 perf                 13              2               0               0      ------------------ 2019-05-08 08:05:55 UTC+0000
0xffff88003d86a640 khungtaskd           14              2               0               0      ------------------ 2019-05-08 08:05:55 UTC+0000
0xffff88003d86b300 writeback            15              2               0               0      ------------------ 2019-05-08 08:05:55 UTC+0000
0xffff88003d86bfc0 ksmd                 16              2               0               0      ------------------ 2019-05-08 08:05:55 UTC+0000
0xffff88003d86cc80 khugepaged           17              2               0               0      ------------------ 2019-05-08 08:05:55 UTC+0000
0xffff88003d86d940 crypto               18              2               0               0      ------------------ 2019-05-08 08:05:55 UTC+0000
0xffff88003d86e600 kintegrityd          19              2               0               0      ------------------ 2019-05-08 08:05:55 UTC+0000
0xffff88003d86f2c0 bioset               20              2               0               0      ------------------ 2019-05-08 08:05:55 UTC+0000
0xffff88003d908000 kblockd              21              2               0               0      ------------------ 2019-05-08 08:05:55 UTC+0000
0xffff88003d908cc0 ata_sff              22              2               0               0      ------------------ 2019-05-08 08:05:55 UTC+0000
0xffff88003d909980 md                   23              2               0               0      ------------------ 2019-05-08 08:05:55 UTC+0000
0xffff88003d90a640 devfreq_wq           24              2               0               0      ------------------ 2019-05-08 08:05:55 UTC+0000
0xffff88003d90b300 kworker/u2:1         25              2               0               0      ------------------ 2019-05-08 08:05:55 UTC+0000
0xffff88003d90d940 kswapd0              28              2               0               0      ------------------ 2019-05-08 08:05:55 UTC+0000
0xffff88003d90e600 vmstat               29              2               0               0      ------------------ 2019-05-08 08:05:55 UTC+0000
0xffff88003d90f2c0 fsnotify_mark        30              2               0               0      ------------------ 2019-05-08 08:05:55 UTC+0000
0xffff8800373b8000 ecryptfs-kthrea      31              2               0               0      ------------------ 2019-05-08 08:05:55 UTC+0000
0xffff8800373fcc80 kthrotld             47              2               0               0      ------------------ 2019-05-08 08:05:55 UTC+0000
0xffff8800373fd940 acpi_thermal_pm      48              2               0               0      ------------------ 2019-05-08 08:05:55 UTC+0000
0xffff8800373fbfc0 vballoon             49              2               0               0      ------------------ 2019-05-08 08:05:55 UTC+0000
0xffff8800373fb300 bioset               50              2               0               0      ------------------ 2019-05-08 08:05:56 UTC+0000
0xffff8800373fa640 bioset               51              2               0               0      ------------------ 2019-05-08 08:05:56 UTC+0000
0xffff8800373f9980 bioset               52              2               0               0      ------------------ 2019-05-08 08:05:56 UTC+0000
0xffff8800373f8cc0 bioset               53              2               0               0      ------------------ 2019-05-08 08:05:56 UTC+0000
0xffff8800373f8000 bioset               54              2               0               0      ------------------ 2019-05-08 08:05:56 UTC+0000
0xffff8800373fe600 bioset               55              2               0               0      ------------------ 2019-05-08 08:05:56 UTC+0000
0xffff8800373ff2c0 bioset               56              2               0               0      ------------------ 2019-05-08 08:05:56 UTC+0000
0xffff8800373bf2c0 bioset               57              2               0               0      ------------------ 2019-05-08 08:05:56 UTC+0000
0xffff8800373be600 bioset               58              2               0               0      ------------------ 2019-05-08 08:05:56 UTC+0000
0xffff8800373bd940 scsi_eh_0            59              2               0               0      ------------------ 2019-05-08 08:05:56 UTC+0000
0xffff8800373bcc80 scsi_tmf_0           60              2               0               0      ------------------ 2019-05-08 08:05:56 UTC+0000
0xffff8800373bbfc0 scsi_eh_1            61              2               0               0      ------------------ 2019-05-08 08:05:56 UTC+0000
0xffff8800373bb300 scsi_tmf_1           62              2               0               0      ------------------ 2019-05-08 08:05:56 UTC+0000
0xffff880035048cc0 ipv6_addrconf        68              2               0               0      ------------------ 2019-05-08 08:05:56 UTC+0000
0xffff8800350bb300 deferwq              81              2               0               0      ------------------ 2019-05-08 08:05:56 UTC+0000
0xffff8800350bbfc0 charger_manager      82              2               0               0      ------------------ 2019-05-08 08:05:56 UTC+0000
0xffff8800350bd940 bioset               121             2               0               0      ------------------ 2019-05-08 08:05:56 UTC+0000
0xffff8800350be600 bioset               122             2               0               0      ------------------ 2019-05-08 08:05:56 UTC+0000
0xffff8800350bf2c0 bioset               123             2               0               0      ------------------ 2019-05-08 08:05:56 UTC+0000
0xffff8800350b8cc0 bioset               124             2               0               0      ------------------ 2019-05-08 08:05:56 UTC+0000
0xffff8800373b8cc0 bioset               126             2               0               0      ------------------ 2019-05-08 08:05:56 UTC+0000
0xffff8800353a8000 bioset               127             2               0               0      ------------------ 2019-05-08 08:05:56 UTC+0000
0xffff8800353a8cc0 bioset               128             2               0               0      ------------------ 2019-05-08 08:05:56 UTC+0000
0xffff8800353a9980 bioset               129             2               0               0      ------------------ 2019-05-08 08:05:56 UTC+0000
0xffff8800353aa640 kpsmoused            130             2               0               0      ------------------ 2019-05-08 08:05:56 UTC+0000
0xffff8800353abfc0 ttm_swap             132             2               0               0      ------------------ 2019-05-08 08:05:56 UTC+0000
0xffff8800353acc80 qxl_gc               133             2               0               0      ------------------ 2019-05-08 08:05:56 UTC+0000
0xffff8800352672c0 kworker/0:1H         154             2               0               0      ------------------ 2019-05-08 08:05:57 UTC+0000
0xffff880035260000 jbd2/vda1-8          160             2               0               0      ------------------ 2019-05-08 08:05:59 UTC+0000
0xffff880035260cc0 ext4-rsv-conver      161             2               0               0      ------------------ 2019-05-08 08:05:59 UTC+0000
0xffff880035049980 systemd-journal      188             1               0               0      0x0000000035206000 2019-05-08 08:06:01 UTC+0000
0xffff8800353ad940 kauditd              203             2               0               0      ------------------ 2019-05-08 08:06:01 UTC+0000
0xffff880039c7cc80 systemd-udevd        231             1               0               0      0x000000003528e000 2019-05-08 08:06:02 UTC+0000
0xffff880035264c80 systemd-timesyn      337             1               100             102    0x0000000039482000 2019-05-08 08:06:03 UTC+0000
0xffff880039c7e600 avahi-daemon         541             1               111             120    0x00000000349e2000 2019-05-08 08:06:06 UTC+0000
0xffff880039c78cc0 systemd-logind       544             1               0               0      0x00000000386be000 2019-05-08 08:06:06 UTC+0000
0xffff880034954c80 dbus-daemon          546             1               106             110    0x0000000039400000 2019-05-08 08:06:06 UTC+0000
0xffff88003504a640 avahi-daemon         607             541             111             120    0x0000000039ccc000 2019-05-08 08:06:06 UTC+0000
0xffff880035048000 rsyslogd             608             1               104             108    0x000000003a328000 2019-05-08 08:06:07 UTC+0000
0xffff880034955940 ModemManager         609             1               0               0      0x000000003a382000 2019-05-08 08:06:07 UTC+0000
0xffff880039c7b300 cron                 611             1               0               0      0x000000003a3b0000 2019-05-08 08:06:07 UTC+0000
0xffff880035263fc0 whoopsie             622             1               109             116    0x00000000372ea000 2019-05-08 08:06:07 UTC+0000
0xffff880037224c80 accounts-daemon      631             1               0               0      0x00000000333ce000 2019-05-08 08:06:07 UTC+0000
0xffff880033302640 acpid                638             1               0               0      0x0000000039044000 2019-05-08 08:06:07 UTC+0000
0xffff880039033300 cupsd                651             1               0               0      0x00000000395d4000 2019-05-08 08:06:07 UTC+0000
0xffff880039571980 cups-browsed         660             1               0               0      0x000000003c836000 2019-05-08 08:06:07 UTC+0000
0xffff880039572640 NetworkManager       661             1               0               0      0x0000000039d78000 2019-05-08 08:06:07 UTC+0000
0xffff880039575940 lightdm              709             1               0               0      0x000000003498e000 2019-05-08 08:06:07 UTC+0000
0xffff88003c8a0cc0 polkitd              718             1               0               0      0x000000003333e000 2019-05-08 08:06:08 UTC+0000
0xffff88003c8a3fc0 dbus                 785             651             7               7      0x0000000033338000 2019-05-08 08:06:09 UTC+0000
0xffff88003c8a0000 dbus                 786             651             7               7      0x000000003868e000 2019-05-08 08:06:09 UTC+0000
0xffff88003504cc80 Xorg                 795             709             0               0      0x00000000387c0000 2019-05-08 08:06:10 UTC+0000
0xffff880034952640 containerd           815             1               0               0      0x00000000349dc000 2019-05-08 08:06:10 UTC+0000
0xffff88003d126600 mysqld               830             1               122             129    0x000000003a21e000 2019-05-08 08:06:10 UTC+0000
0xffff880039030000 dhclient             853             661             0               0      0x000000003c8b8000 2019-05-08 08:06:13 UTC+0000
0xffff88003d120cc0 dnsmasq              870             661             -               30     0x00000000390e0000 2019-05-08 08:06:15 UTC+0000
0xffff880039443300 dockerd              993             1               0               0      0x000000003867a000 2019-05-08 08:06:18 UTC+0000
0xffff880035261980 agetty               1008            1               0               0      0x0000000035768000 2019-05-08 08:06:18 UTC+0000
0xffff88003d2e1980 apache2              1150            1               0               0      0x0000000039daa000 2019-05-08 08:06:23 UTC+0000
0xffff88003cab9980 apache2              1225            1150            33              33     0x000000003c860000 2019-05-08 08:06:28 UTC+0000
0xffff88003caba640 apache2              1226            1150            33              33     0x000000003cb48000 2019-05-08 08:06:28 UTC+0000
0xffff88003cabb300 apache2              1227            1150            33              33     0x000000003cbe8000 2019-05-08 08:06:28 UTC+0000
0xffff88003cabbfc0 apache2              1228            1150            33              33     0x000000000001e000 2019-05-08 08:06:28 UTC+0000
0xffff88003cabcc80 apache2              1229            1150            33              33     0x000000003a0e2000 2019-05-08 08:06:28 UTC+0000
0xffff88003971bfc0 lightdm              1472            709             0               0      0x00000000396d8000 2019-05-08 08:06:38 UTC+0000
0xffff880037024c80 upowerd              1562            1               0               0      0x000000003714e000 2019-05-08 08:06:40 UTC+0000
0xffff88003849b300 rtkit-daemon         1595            1               118             126    0x0000000033092000 2019-05-08 08:06:40 UTC+0000
0xffff8800330dbfc0 colord               1610            1               113             123    0x0000000037186000 2019-05-08 08:06:42 UTC+0000
0xffff8800331e1980 systemd              1649            1               1000            1000   0x000000003c838000 2019-05-08 08:06:46 UTC+0000
0xffff8800331e72c0 (sd-pam)             1650            1649            1000            1000   0x000000003d302000 2019-05-08 08:06:46 UTC+0000
0xffff88003971b300 gnome-keyring-d      1666            1               1000            1000   0x000000003ca64000 2019-05-08 08:06:46 UTC+0000
0xffff880039718cc0 upstart              1668            1472            1000            1000   0x000000003967a000 2019-05-08 08:06:47 UTC+0000
0xffff880039719980 upstart-udev-br      1753            1668            1000            1000   0x00000000396d2000 2019-05-08 08:06:51 UTC+0000
0xffff88003971d940 dbus-daemon          1756            1668            1000            1000   0x0000000039e0a000 2019-05-08 08:06:51 UTC+0000
0xffff8800331e5940 window-stack-br      1768            1668            1000            1000   0x0000000039e2c000 2019-05-08 08:06:51 UTC+0000
0xffff8800330d8000 ibus-daemon          1793            1668            1000            1000   0x00000000396c0000 2019-05-08 08:06:51 UTC+0000
0xffff8800371d5940 upstart-dbus-br      1803            1668            1000            1000   0x0000000039770000 2019-05-08 08:06:51 UTC+0000
0xffff88003d120000 upstart-dbus-br      1805            1668            1000            1000   0x000000003a1ae000 2019-05-08 08:06:51 UTC+0000
0xffff8800330da640 gvfsd                1814            1668            1000            1000   0x000000003ca1c000 2019-05-08 08:06:51 UTC+0000
0xffff880037020cc0 gvfsd-fuse           1819            1668            1000            1000   0x00000000370d4000 2019-05-08 08:06:51 UTC+0000
0xffff88003971f2c0 ibus-dconf           1833            1793            1000            1000   0x000000003c898000 2019-05-08 08:06:51 UTC+0000
0xffff8800370272c0 upstart-file-br      1835            1668            1000            1000   0x0000000039694000 2019-05-08 08:06:51 UTC+0000
0xffff880037023300 ibus-ui-gtk3         1838            1793            1000            1000   0x000000003975a000 2019-05-08 08:06:51 UTC+0000
0xffff88003971cc80 ibus-x11             1840            1668            1000            1000   0x0000000039450000 2019-05-08 08:06:51 UTC+0000
0xffff880038499980 at-spi-bus-laun      1849            1668            1000            1000   0x0000000039376000 2019-05-08 08:06:52 UTC+0000
0xffff880039329980 dbus-daemon          1857            1849            1000            1000   0x0000000038416000 2019-05-08 08:06:52 UTC+0000
0xffff880039328cc0 at-spi2-registr      1859            1668            1000            1000   0x00000000331f0000 2019-05-08 08:06:52 UTC+0000
0xffff88003504e600 ibus-engine-sim      1863            1793            1000            1000   0x0000000038406000 2019-05-08 08:06:52 UTC+0000
0xffff880039442640 bamfdaemon           1869            1668            1000            1000   0x000000003a1d0000 2019-05-08 08:06:52 UTC+0000
0xffff8800331e4c80 gpg-agent            1884            1668            1000            1000   0x000000003a1d6000 2019-05-08 08:06:55 UTC+0000
0xffff88003971a640 hud-service          1900            1668            1000            1000   0x000000003a1d2000 2019-05-08 08:06:57 UTC+0000
0xffff8800331e0000 unity-settings-      1902            1668            1000            1000   0x000000003ca98000 2019-05-08 08:06:57 UTC+0000
0xffff88003d2e3fc0 gnome-session-b      1915            1668            1000            1000   0x000000003d268000 2019-05-08 08:06:57 UTC+0000
0xffff88003d2e4c80 compiz               1916            1668            1000            1000   0x0000000039e38000 2019-05-08 08:06:57 UTC+0000
0xffff88003d2e2640 unity-panel-ser      1921            1668            1000            1000   0x00000000385ac000 2019-05-08 08:06:57 UTC+0000
0xffff880038573300 indicator-messa      1937            1668            1000            1000   0x0000000039fb4000 2019-05-08 08:06:58 UTC+0000
0xffff880038573fc0 indicator-bluet      1938            1668            1000            1000   0x0000000034a80000 2019-05-08 08:06:58 UTC+0000
0xffff880034a88000 indicator-power      1943            1668            1000            1000   0x0000000034ae4000 2019-05-08 08:06:58 UTC+0000
0xffff880034a89980 dconf-service        1945            1668            1000            1000   0x0000000034af8000 2019-05-08 08:06:58 UTC+0000
0xffff880034a8b300 indicator-datet      1947            1668            1000            1000   0x0000000034b22000 2019-05-08 08:06:58 UTC+0000
0xffff880034a8d940 indicator-keybo      1950            1668            1000            1000   0x0000000034b8c000 2019-05-08 08:06:58 UTC+0000
0xffff880034b81980 indicator-sound      1955            1668            1000            1000   0x0000000034be0000 2019-05-08 08:06:58 UTC+0000
0xffff880034b82640 indicator-print      1956            1668            1000            1000   0x000000003bcfe000 2019-05-08 08:06:58 UTC+0000
0xffff880034b83fc0 indicator-sessi      1958            1668            1000            1000   0x000000003bd84000 2019-05-08 08:06:58 UTC+0000
0xffff88003bdfcc80 indicator-appli      1979            1668            1000            1000   0x0000000039fb0000 2019-05-08 08:06:58 UTC+0000
0xffff88003bfab300 evolution-sourc      2000            1668            1000            1000   0x000000003b816000 2019-05-08 08:06:58 UTC+0000
0xffff880038571980 pulseaudio           2006            1668            1000            1000   0x000000003b916000 2019-05-08 08:06:58 UTC+0000
0xffff880034953300 nm-applet            2060            1915            1000            1000   0x000000003bafc000 2019-05-08 08:07:00 UTC+0000
0xffff88003b9872c0 nautilus             2069            1915            1000            1000   0x000000003b028000 2019-05-08 08:07:00 UTC+0000
0xffff88003bfa9980 gnome-software       2075            1915            1000            1000   0x000000003b082000 2019-05-08 08:07:00 UTC+0000
0xffff88003baae600 polkit-gnome-au      2076            1915            1000            1000   0x000000003b08e000 2019-05-08 08:07:01 UTC+0000
0xffff88003b090cc0 unity-fallback-      2078            1915            1000            1000   0x000000003bc66000 2019-05-08 08:07:01 UTC+0000
0xffff88003b092640 evolution-calen      2088            1668            1000            1000   0x000000003b170000 2019-05-08 08:07:02 UTC+0000
0xffff88003b24a640 gvfs-udisks2-vo      2101            1668            1000            1000   0x000000003b2a0000 2019-05-08 08:07:02 UTC+0000
0xffff88003b24bfc0 udisksd              2104            1               0               0      0x000000003b370000 2019-05-08 08:07:03 UTC+0000
0xffff880038c20000 fwupd                2112            1               0               0      0x0000000038c28000 2019-05-08 08:07:03 UTC+0000
0xffff880038c26600 gvfs-gphoto2-vo      2120            1668            1000            1000   0x0000000038cc6000 2019-05-08 08:07:03 UTC+0000
0xffff880038d01980 gvfs-goa-volume      2125            1668            1000            1000   0x0000000038d32000 2019-05-08 08:07:03 UTC+0000
0xffff880038d04c80 gvfs-mtp-volume      2130            1668            1000            1000   0x0000000038d5e000 2019-05-08 08:07:04 UTC+0000
0xffff880038d00cc0 gvfs-afc-volume      2135            1668            1000            1000   0x0000000038db0000 2019-05-08 08:07:04 UTC+0000
0xffff880038eef2c0 evolution-calen      2156            2088            1000            1000   0x0000000038800000 2019-05-08 08:07:06 UTC+0000
0xffff880038819980 gvfsd-trash          2163            1668            1000            1000   0x000000003b878000 2019-05-08 08:07:06 UTC+0000
0xffff88003881b300 evolution-calen      2176            2088            1000            1000   0x0000000033214000 2019-05-08 08:07:07 UTC+0000
0xffff880039c16600 evolution-addre      2188            1668            1000            1000   0x000000003a2f4000 2019-05-08 08:07:07 UTC+0000
0xffff880038c22640 evolution-addre      2200            2188            1000            1000   0x00000000388ea000 2019-05-08 08:07:08 UTC+0000
0xffff88003886bfc0 zeitgeist-datah      2244            1915            1000            1000   0x00000000351f6000 2019-05-08 08:07:21 UTC+0000
0xffff880038d06600 sh                   2251            1668            1000            1000   0x00000000388c0000 2019-05-08 08:07:22 UTC+0000
0xffff88003b24cc80 zeitgeist-daemo      2255            2251            1000            1000   0x0000000038952000 2019-05-08 08:07:22 UTC+0000
0xffff880034a8cc80 zeitgeist-fts        2265            1668            1000            1000   0x000000003d016000 2019-05-08 08:07:23 UTC+0000
0xffff8800388f1980 gnome-terminal-      2278            1668            1000            1000   0x0000000038450000 2019-05-08 08:07:24 UTC+0000
0xffff88003baaa640 zsh                  2295            2278            1000            1000   0x0000000038ae6000 2019-05-08 08:07:25 UTC+0000
0xffff88003cabd940 update-notifier      2359            1915            1000            1000   0x0000000039640000 2019-05-08 08:08:01 UTC+0000
0xffff88003504bfc0 deja-dup-monito      2391            1915            1000            1000   0x00000000001d0000 2019-05-08 08:09:01 UTC+0000
0xffff880038dd6600 kworker/0:1          2483            2               0               0      ------------------ 2019-05-08 08:21:23 UTC+0000
0xffff880038d03fc0 kworker/0:4          2611            2               0               0      ------------------ 2019-05-08 08:37:37 UTC+0000
0xffff880038dd4c80 kworker/0:0          2814            2               0               0      ------------------ 2019-05-08 08:59:34 UTC+0000
0xffff88003bdf9980 gvfsd-metadata       2817            1668            1000            1000   0x000000003d370000 2019-05-08 08:59:35 UTC+0000
0xffff88003d124c80 sshd                 2819            1               0               0      0x0000000038a80000 2019-05-08 08:59:35 UTC+0000
0xffff880034950cc0 kworker/0:2          2821            2               0               0      ------------------ 2019-05-08 08:59:35 UTC+0000]
port:[
]
ssdt:[
]
2019/05/08 17时00分52秒 vmAnalysis.py[func:analyseProcesses() line:97] Thread-ubuntu-INFO: 虚拟机ubuntu进程dockerd993存在，添加策略关闭进程
2019/05/08 17时00分52秒 vmExecution.py[func:execute() line:100] Thread-ubuntu-INFO: 关闭进程[(u'dockerd', '993')]
2019/05/08 17时00分52秒 transport.py[func:_log() line:1746] Thread-1-DEBUG: starting thread (client mode): 0x15d0df90L
993
2019/05/08 17时00分52秒 transport.py[func:_log() line:1746] Thread-1-DEBUG: Local version/idstring: SSH-2.0-paramiko_2.4.2
2019/05/08 17时00分52秒 transport.py[func:_log() line:1746] Thread-1-DEBUG: Remote version/idstring: SSH-2.0-OpenSSH_7.2p2 Ubuntu-4ubuntu2.8
2019/05/08 17时00分52秒 transport.py[func:_log() line:1746] Thread-1-INFO: Connected (version 2.0, client OpenSSH_7.2p2)
2019/05/08 17时00分52秒 transport.py[func:_log() line:1746] Thread-1-DEBUG: kex algos:[u'curve25519-sha256@libssh.org', u'ecdh-sha2-nistp256', u'ecdh-sha2-nistp384', u'ecdh-sha2-nistp521', u'diffie-hellman-group-exchange-sha256', u'diffie-hellman-group14-sha1'] server key:[u'ssh-rsa', u'rsa-sha2-512', u'rsa-sha2-256', u'ecdsa-sha2-nistp256', u'ssh-ed25519'] client encrypt:[u'chacha20-poly1305@openssh.com', u'aes128-ctr', u'aes192-ctr', u'aes256-ctr', u'aes128-gcm@openssh.com', u'aes256-gcm@openssh.com'] server encrypt:[u'chacha20-poly1305@openssh.com', u'aes128-ctr', u'aes192-ctr', u'aes256-ctr', u'aes128-gcm@openssh.com', u'aes256-gcm@openssh.com'] client mac:[u'umac-64-etm@openssh.com', u'umac-128-etm@openssh.com', u'hmac-sha2-256-etm@openssh.com', u'hmac-sha2-512-etm@openssh.com', u'hmac-sha1-etm@openssh.com', u'umac-64@openssh.com', u'umac-128@openssh.com', u'hmac-sha2-256', u'hmac-sha2-512', u'hmac-sha1'] server mac:[u'umac-64-etm@openssh.com', u'umac-128-etm@openssh.com', u'hmac-sha2-256-etm@openssh.com', u'hmac-sha2-512-etm@openssh.com', u'hmac-sha1-etm@openssh.com', u'umac-64@openssh.com', u'umac-128@openssh.com', u'hmac-sha2-256', u'hmac-sha2-512', u'hmac-sha1'] client compress:[u'none', u'zlib@openssh.com'] server compress:[u'none', u'zlib@openssh.com'] client lang:[u''] server lang:[u''] kex follows?False
2019/05/08 17时00分52秒 transport.py[func:_log() line:1746] Thread-1-DEBUG: Kex agreed: ecdh-sha2-nistp256
2019/05/08 17时00分52秒 transport.py[func:_log() line:1746] Thread-1-DEBUG: HostKey agreed: ssh-ed25519
2019/05/08 17时00分52秒 transport.py[func:_log() line:1746] Thread-1-DEBUG: Cipher agreed: aes128-ctr
2019/05/08 17时00分52秒 transport.py[func:_log() line:1746] Thread-1-DEBUG: MAC agreed: hmac-sha2-256
2019/05/08 17时00分52秒 transport.py[func:_log() line:1746] Thread-1-DEBUG: Compression agreed: none
2019/05/08 17时00分53秒 transport.py[func:_log() line:1746] Thread-1-DEBUG: kex engine KexNistp256 specified hash_algo <built-in function openssl_sha256>
2019/05/08 17时00分53秒 transport.py[func:_log() line:1746] Thread-1-DEBUG: Switch to new keys ...
2019/05/08 17时00分53秒 transport.py[func:_log() line:1746] Thread-ubuntu-DEBUG: Adding ssh-ed25519 host key for [10.108.167.229]:22: 0cbdf027a2685cc4399adf8d24a44077
2019/05/08 17时00分53秒 transport.py[func:_log() line:1746] Thread-ubuntu-DEBUG: Trying discovered key 223d07429e6c96f83c1f594601d540e2 in /home/sqq/.ssh/id_rsa
2019/05/08 17时00分53秒 transport.py[func:_log() line:1746] Thread-1-DEBUG: userauth is OK
2019/05/08 17时00分53秒 transport.py[func:_log() line:1746] Thread-1-INFO: Authentication (publickey) failed.
2019/05/08 17时00分53秒 transport.py[func:_log() line:1746] Thread-1-DEBUG: userauth is OK
2019/05/08 17时00分53秒 transport.py[func:_log() line:1746] Thread-1-INFO: Authentication (password) successful!
2019/05/08 17时00分53秒 channel.py[func:_log() line:1194] Thread-ubuntu-DEBUG: [chan 0] Max packet in: 32768 bytes
2019/05/08 17时00分54秒 transport.py[func:_log() line:1746] Thread-1-DEBUG: Received global request "hostkeys-00@openssh.com"
2019/05/08 17时00分54秒 transport.py[func:_log() line:1746] Thread-1-DEBUG: Rejecting "hostkeys-00@openssh.com" global request from server.
2019/05/08 17时00分54秒 channel.py[func:_log() line:1194] Thread-1-DEBUG: [chan 0] Max packet out: 32768 bytes
2019/05/08 17时00分54秒 transport.py[func:_log() line:1746] Thread-1-DEBUG: Secsh channel 0 opened.
2019/05/08 17时00分54秒 channel.py[func:_log() line:1194] Thread-1-DEBUG: [chan 0] Sesch channel 0 request ok
2019/05/08 17时00分54秒 channel.py[func:_log() line:1194] Thread-1-DEBUG: [chan 0] EOF received (0)
2019/05/08 17时00分54秒 channel.py[func:_log() line:1194] Thread-1-DEBUG: [chan 0] EOF sent (0)


2019/05/08 17时00分54秒 transport.py[func:_log() line:1746] Thread-1-DEBUG: EOF in transport thread
2019/05/08 17时00分54秒 vmExecution.py[func:shutdownProcess() line:186] Thread-ubuntu-INFO: 虚拟机ubuntu关闭进程dockerd，使用命令：sudo systemctl stop docker 
2019/05/08 17时00分54秒 vmInspection.py[func:getNeedData() line:34] Thread-ubuntu-INFO: 从虚拟机ubuntu获取数据中...
sudo python /home/sqq/IdeaProjects/JavaMemory/volatility-2.6/vol.py --profile=LinuxUbuntu1604_145x64 -l vmi://ubuntu linux_pslist
2019/05/08 17时01分17秒 vmController.py[func:startMonitor() line:68] Thread-ubuntu-DEBUG: 
name:ubuntu
process:[
Offset             Name                 Pid             PPid            Uid             Gid    DTB                Start Time
------------------ -------------------- --------------- --------------- --------------- ------ ------------------ ----------
0xffff88003e3f8000 systemd              1               0               0               0      0x000000003db9c000 2019-05-08 08:05:55 UTC+0000
0xffff88003e3f8cc0 kthreadd             2               0               0               0      ------------------ 2019-05-08 08:05:55 UTC+0000
0xffff88003e3f9980 ksoftirqd/0          3               2               0               0      ------------------ 2019-05-08 08:05:55 UTC+0000
0xffff88003e3fb300 kworker/0:0H         5               2               0               0      ------------------ 2019-05-08 08:05:55 UTC+0000
0xffff88003e3fbfc0 kworker/u2:0         6               2               0               0      ------------------ 2019-05-08 08:05:55 UTC+0000
0xffff88003e3fcc80 rcu_sched            7               2               0               0      ------------------ 2019-05-08 08:05:55 UTC+0000
0xffff88003e3fd940 rcu_bh               8               2               0               0      ------------------ 2019-05-08 08:05:55 UTC+0000
0xffff88003e3fe600 migration/0          9               2               0               0      ------------------ 2019-05-08 08:05:55 UTC+0000
0xffff88003e3ff2c0 watchdog/0           10              2               0               0      ------------------ 2019-05-08 08:05:55 UTC+0000
0xffff88003d868000 kdevtmpfs            11              2               0               0      ------------------ 2019-05-08 08:05:55 UTC+0000
0xffff88003d868cc0 netns                12              2               0               0      ------------------ 2019-05-08 08:05:55 UTC+0000
0xffff88003d869980 perf                 13              2               0               0      ------------------ 2019-05-08 08:05:55 UTC+0000
0xffff88003d86a640 khungtaskd           14              2               0               0      ------------------ 2019-05-08 08:05:55 UTC+0000
0xffff88003d86b300 writeback            15              2               0               0      ------------------ 2019-05-08 08:05:55 UTC+0000
0xffff88003d86bfc0 ksmd                 16              2               0               0      ------------------ 2019-05-08 08:05:55 UTC+0000
0xffff88003d86cc80 khugepaged           17              2               0               0      ------------------ 2019-05-08 08:05:55 UTC+0000
0xffff88003d86d940 crypto               18              2               0               0      ------------------ 2019-05-08 08:05:55 UTC+0000
0xffff88003d86e600 kintegrityd          19              2               0               0      ------------------ 2019-05-08 08:05:55 UTC+0000
0xffff88003d86f2c0 bioset               20              2               0               0      ------------------ 2019-05-08 08:05:55 UTC+0000
0xffff88003d908000 kblockd              21              2               0               0      ------------------ 2019-05-08 08:05:55 UTC+0000
0xffff88003d908cc0 ata_sff              22              2               0               0      ------------------ 2019-05-08 08:05:55 UTC+0000
0xffff88003d909980 md                   23              2               0               0      ------------------ 2019-05-08 08:05:55 UTC+0000
0xffff88003d90a640 devfreq_wq           24              2               0               0      ------------------ 2019-05-08 08:05:55 UTC+0000
0xffff88003d90b300 kworker/u2:1         25              2               0               0      ------------------ 2019-05-08 08:05:55 UTC+0000
0xffff88003d90d940 kswapd0              28              2               0               0      ------------------ 2019-05-08 08:05:55 UTC+0000
0xffff88003d90e600 vmstat               29              2               0               0      ------------------ 2019-05-08 08:05:55 UTC+0000
0xffff88003d90f2c0 fsnotify_mark        30              2               0               0      ------------------ 2019-05-08 08:05:55 UTC+0000
0xffff8800373b8000 ecryptfs-kthrea      31              2               0               0      ------------------ 2019-05-08 08:05:55 UTC+0000
0xffff8800373fcc80 kthrotld             47              2               0               0      ------------------ 2019-05-08 08:05:55 UTC+0000
0xffff8800373fd940 acpi_thermal_pm      48              2               0               0      ------------------ 2019-05-08 08:05:55 UTC+0000
0xffff8800373fbfc0 vballoon             49              2               0               0      ------------------ 2019-05-08 08:05:55 UTC+0000
0xffff8800373fb300 bioset               50              2               0               0      ------------------ 2019-05-08 08:05:56 UTC+0000
0xffff8800373fa640 bioset               51              2               0               0      ------------------ 2019-05-08 08:05:56 UTC+0000
0xffff8800373f9980 bioset               52              2               0               0      ------------------ 2019-05-08 08:05:56 UTC+0000
0xffff8800373f8cc0 bioset               53              2               0               0      ------------------ 2019-05-08 08:05:56 UTC+0000
0xffff8800373f8000 bioset               54              2               0               0      ------------------ 2019-05-08 08:05:56 UTC+0000
0xffff8800373fe600 bioset               55              2               0               0      ------------------ 2019-05-08 08:05:56 UTC+0000
0xffff8800373ff2c0 bioset               56              2               0               0      ------------------ 2019-05-08 08:05:56 UTC+0000
0xffff8800373bf2c0 bioset               57              2               0               0      ------------------ 2019-05-08 08:05:56 UTC+0000
0xffff8800373be600 bioset               58              2               0               0      ------------------ 2019-05-08 08:05:56 UTC+0000
0xffff8800373bd940 scsi_eh_0            59              2               0               0      ------------------ 2019-05-08 08:05:56 UTC+0000
0xffff8800373bcc80 scsi_tmf_0           60              2               0               0      ------------------ 2019-05-08 08:05:56 UTC+0000
0xffff8800373bbfc0 scsi_eh_1            61              2               0               0      ------------------ 2019-05-08 08:05:56 UTC+0000
0xffff8800373bb300 scsi_tmf_1           62              2               0               0      ------------------ 2019-05-08 08:05:56 UTC+0000
0xffff880035048cc0 ipv6_addrconf        68              2               0               0      ------------------ 2019-05-08 08:05:56 UTC+0000
0xffff8800350bb300 deferwq              81              2               0               0      ------------------ 2019-05-08 08:05:56 UTC+0000
0xffff8800350bbfc0 charger_manager      82              2               0               0      ------------------ 2019-05-08 08:05:56 UTC+0000
0xffff8800350bd940 bioset               121             2               0               0      ------------------ 2019-05-08 08:05:56 UTC+0000
0xffff8800350be600 bioset               122             2               0               0      ------------------ 2019-05-08 08:05:56 UTC+0000
0xffff8800350bf2c0 bioset               123             2               0               0      ------------------ 2019-05-08 08:05:56 UTC+0000
0xffff8800350b8cc0 bioset               124             2               0               0      ------------------ 2019-05-08 08:05:56 UTC+0000
0xffff8800373b8cc0 bioset               126             2               0               0      ------------------ 2019-05-08 08:05:56 UTC+0000
0xffff8800353a8000 bioset               127             2               0               0      ------------------ 2019-05-08 08:05:56 UTC+0000
0xffff8800353a8cc0 bioset               128             2               0               0      ------------------ 2019-05-08 08:05:56 UTC+0000
0xffff8800353a9980 bioset               129             2               0               0      ------------------ 2019-05-08 08:05:56 UTC+0000
0xffff8800353aa640 kpsmoused            130             2               0               0      ------------------ 2019-05-08 08:05:56 UTC+0000
0xffff8800353abfc0 ttm_swap             132             2               0               0      ------------------ 2019-05-08 08:05:56 UTC+0000
0xffff8800353acc80 qxl_gc               133             2               0               0      ------------------ 2019-05-08 08:05:56 UTC+0000
0xffff8800352672c0 kworker/0:1H         154             2               0               0      ------------------ 2019-05-08 08:05:57 UTC+0000
0xffff880035260000 jbd2/vda1-8          160             2               0               0      ------------------ 2019-05-08 08:05:59 UTC+0000
0xffff880035260cc0 ext4-rsv-conver      161             2               0               0      ------------------ 2019-05-08 08:05:59 UTC+0000
0xffff880035049980 systemd-journal      188             1               0               0      0x0000000035206000 2019-05-08 08:06:01 UTC+0000
0xffff8800353ad940 kauditd              203             2               0               0      ------------------ 2019-05-08 08:06:01 UTC+0000
0xffff880039c7cc80 systemd-udevd        231             1               0               0      0x000000003528e000 2019-05-08 08:06:02 UTC+0000
0xffff880035264c80 systemd-timesyn      337             1               100             102    0x0000000039482000 2019-05-08 08:06:03 UTC+0000
0xffff880039c7e600 avahi-daemon         541             1               111             120    0x00000000349e2000 2019-05-08 08:06:06 UTC+0000
0xffff880039c78cc0 systemd-logind       544             1               0               0      0x00000000386be000 2019-05-08 08:06:06 UTC+0000
0xffff880034954c80 dbus-daemon          546             1               106             110    0x0000000039400000 2019-05-08 08:06:06 UTC+0000
0xffff88003504a640 avahi-daemon         607             541             111             120    0x0000000039ccc000 2019-05-08 08:06:06 UTC+0000
0xffff880035048000 rsyslogd             608             1               104             108    0x000000003a328000 2019-05-08 08:06:07 UTC+0000
0xffff880034955940 ModemManager         609             1               0               0      0x000000003a382000 2019-05-08 08:06:07 UTC+0000
0xffff880039c7b300 cron                 611             1               0               0      0x000000003a3b0000 2019-05-08 08:06:07 UTC+0000
0xffff880035263fc0 whoopsie             622             1               109             116    0x00000000372ea000 2019-05-08 08:06:07 UTC+0000
0xffff880037224c80 accounts-daemon      631             1               0               0      0x00000000333ce000 2019-05-08 08:06:07 UTC+0000
0xffff880033302640 acpid                638             1               0               0      0x0000000039044000 2019-05-08 08:06:07 UTC+0000
0xffff880039033300 cupsd                651             1               0               0      0x00000000395d4000 2019-05-08 08:06:07 UTC+0000
0xffff880039571980 cups-browsed         660             1               0               0      0x000000003c836000 2019-05-08 08:06:07 UTC+0000
0xffff880039572640 NetworkManager       661             1               0               0      0x0000000039d78000 2019-05-08 08:06:07 UTC+0000
0xffff880039575940 lightdm              709             1               0               0      0x000000003498e000 2019-05-08 08:06:07 UTC+0000
0xffff88003c8a0cc0 polkitd              718             1               0               0      0x000000003333e000 2019-05-08 08:06:08 UTC+0000
0xffff88003c8a3fc0 dbus                 785             651             7               7      0x0000000033338000 2019-05-08 08:06:09 UTC+0000
0xffff88003c8a0000 dbus                 786             651             7               7      0x000000003868e000 2019-05-08 08:06:09 UTC+0000
0xffff88003504cc80 Xorg                 795             709             0               0      0x00000000387c0000 2019-05-08 08:06:10 UTC+0000
0xffff880034952640 containerd           815             1               0               0      0x00000000349dc000 2019-05-08 08:06:10 UTC+0000
0xffff88003d126600 mysqld               830             1               122             129    0x000000003a21e000 2019-05-08 08:06:10 UTC+0000
0xffff880039030000 dhclient             853             661             0               0      0x000000003c8b8000 2019-05-08 08:06:13 UTC+0000
0xffff88003d120cc0 dnsmasq              870             661             -               30     0x00000000390e0000 2019-05-08 08:06:15 UTC+0000
0xffff880035261980 agetty               1008            1               0               0      0x0000000035768000 2019-05-08 08:06:18 UTC+0000
0xffff88003d2e1980 apache2              1150            1               0               0      0x0000000039daa000 2019-05-08 08:06:23 UTC+0000
0xffff88003cab9980 apache2              1225            1150            33              33     0x000000003c860000 2019-05-08 08:06:28 UTC+0000
0xffff88003caba640 apache2              1226            1150            33              33     0x000000003cb48000 2019-05-08 08:06:28 UTC+0000
0xffff88003cabb300 apache2              1227            1150            33              33     0x000000003cbe8000 2019-05-08 08:06:28 UTC+0000
0xffff88003cabbfc0 apache2              1228            1150            33              33     0x000000000001e000 2019-05-08 08:06:28 UTC+0000
0xffff88003cabcc80 apache2              1229            1150            33              33     0x000000003a0e2000 2019-05-08 08:06:28 UTC+0000
0xffff88003971bfc0 lightdm              1472            709             0               0      0x00000000396d8000 2019-05-08 08:06:38 UTC+0000
0xffff880037024c80 upowerd              1562            1               0               0      0x000000003714e000 2019-05-08 08:06:40 UTC+0000
0xffff88003849b300 rtkit-daemon         1595            1               118             126    0x0000000033092000 2019-05-08 08:06:40 UTC+0000
0xffff8800330dbfc0 colord               1610            1               113             123    0x0000000037186000 2019-05-08 08:06:42 UTC+0000
0xffff8800331e1980 systemd              1649            1               1000            1000   0x000000003c838000 2019-05-08 08:06:46 UTC+0000
0xffff8800331e72c0 (sd-pam)             1650            1649            1000            1000   0x000000003d302000 2019-05-08 08:06:46 UTC+0000
0xffff88003971b300 gnome-keyring-d      1666            1               1000            1000   0x000000003ca64000 2019-05-08 08:06:46 UTC+0000
0xffff880039718cc0 upstart              1668            1472            1000            1000   0x000000003967a000 2019-05-08 08:06:47 UTC+0000
0xffff880039719980 upstart-udev-br      1753            1668            1000            1000   0x00000000396d2000 2019-05-08 08:06:51 UTC+0000
0xffff88003971d940 dbus-daemon          1756            1668            1000            1000   0x0000000039e0a000 2019-05-08 08:06:51 UTC+0000
0xffff8800331e5940 window-stack-br      1768            1668            1000            1000   0x0000000039e2c000 2019-05-08 08:06:51 UTC+0000
0xffff8800330d8000 ibus-daemon          1793            1668            1000            1000   0x00000000396c0000 2019-05-08 08:06:51 UTC+0000
0xffff8800371d5940 upstart-dbus-br      1803            1668            1000            1000   0x0000000039770000 2019-05-08 08:06:51 UTC+0000
0xffff88003d120000 upstart-dbus-br      1805            1668            1000            1000   0x000000003a1ae000 2019-05-08 08:06:51 UTC+0000
0xffff8800330da640 gvfsd                1814            1668            1000            1000   0x000000003ca1c000 2019-05-08 08:06:51 UTC+0000
0xffff880037020cc0 gvfsd-fuse           1819            1668            1000            1000   0x00000000370d4000 2019-05-08 08:06:51 UTC+0000
0xffff88003971f2c0 ibus-dconf           1833            1793            1000            1000   0x000000003c898000 2019-05-08 08:06:51 UTC+0000
0xffff8800370272c0 upstart-file-br      1835            1668            1000            1000   0x0000000039694000 2019-05-08 08:06:51 UTC+0000
0xffff880037023300 ibus-ui-gtk3         1838            1793            1000            1000   0x000000003975a000 2019-05-08 08:06:51 UTC+0000
0xffff88003971cc80 ibus-x11             1840            1668            1000            1000   0x0000000039450000 2019-05-08 08:06:51 UTC+0000
0xffff880038499980 at-spi-bus-laun      1849            1668            1000            1000   0x0000000039376000 2019-05-08 08:06:52 UTC+0000
0xffff880039329980 dbus-daemon          1857            1849            1000            1000   0x0000000038416000 2019-05-08 08:06:52 UTC+0000
0xffff880039328cc0 at-spi2-registr      1859            1668            1000            1000   0x00000000331f0000 2019-05-08 08:06:52 UTC+0000
0xffff88003504e600 ibus-engine-sim      1863            1793            1000            1000   0x0000000038406000 2019-05-08 08:06:52 UTC+0000
0xffff880039442640 bamfdaemon           1869            1668            1000            1000   0x000000003a1d0000 2019-05-08 08:06:52 UTC+0000
0xffff8800331e4c80 gpg-agent            1884            1668            1000            1000   0x000000003a1d6000 2019-05-08 08:06:55 UTC+0000
0xffff88003971a640 hud-service          1900            1668            1000            1000   0x000000003a1d2000 2019-05-08 08:06:57 UTC+0000
0xffff8800331e0000 unity-settings-      1902            1668            1000            1000   0x000000003ca98000 2019-05-08 08:06:57 UTC+0000
0xffff88003d2e3fc0 gnome-session-b      1915            1668            1000            1000   0x000000003d268000 2019-05-08 08:06:57 UTC+0000
0xffff88003d2e4c80 compiz               1916            1668            1000            1000   0x0000000039e38000 2019-05-08 08:06:57 UTC+0000
0xffff88003d2e2640 unity-panel-ser      1921            1668            1000            1000   0x00000000385ac000 2019-05-08 08:06:57 UTC+0000
0xffff880038573300 indicator-messa      1937            1668            1000            1000   0x0000000039fb4000 2019-05-08 08:06:58 UTC+0000
0xffff880038573fc0 indicator-bluet      1938            1668            1000            1000   0x0000000034a80000 2019-05-08 08:06:58 UTC+0000
0xffff880034a88000 indicator-power      1943            1668            1000            1000   0x0000000034ae4000 2019-05-08 08:06:58 UTC+0000
0xffff880034a89980 dconf-service        1945            1668            1000            1000   0x0000000034af8000 2019-05-08 08:06:58 UTC+0000
0xffff880034a8b300 indicator-datet      1947            1668            1000            1000   0x0000000034b22000 2019-05-08 08:06:58 UTC+0000
0xffff880034a8d940 indicator-keybo      1950            1668            1000            1000   0x0000000034b8c000 2019-05-08 08:06:58 UTC+0000
0xffff880034b81980 indicator-sound      1955            1668            1000            1000   0x0000000034be0000 2019-05-08 08:06:58 UTC+0000
0xffff880034b82640 indicator-print      1956            1668            1000            1000   0x000000003bcfe000 2019-05-08 08:06:58 UTC+0000
0xffff880034b83fc0 indicator-sessi      1958            1668            1000            1000   0x000000003bd84000 2019-05-08 08:06:58 UTC+0000
0xffff88003bdfcc80 indicator-appli      1979            1668            1000            1000   0x0000000039fb0000 2019-05-08 08:06:58 UTC+0000
0xffff88003bfab300 evolution-sourc      2000            1668            1000            1000   0x000000003b816000 2019-05-08 08:06:58 UTC+0000
0xffff880038571980 pulseaudio           2006            1668            1000            1000   0x000000003b916000 2019-05-08 08:06:58 UTC+0000
0xffff880034953300 nm-applet            2060            1915            1000            1000   0x000000003bafc000 2019-05-08 08:07:00 UTC+0000
0xffff88003b9872c0 nautilus             2069            1915            1000            1000   0x000000003b028000 2019-05-08 08:07:00 UTC+0000
0xffff88003bfa9980 gnome-software       2075            1915            1000            1000   0x000000003b082000 2019-05-08 08:07:00 UTC+0000
0xffff88003baae600 polkit-gnome-au      2076            1915            1000            1000   0x000000003b08e000 2019-05-08 08:07:01 UTC+0000
0xffff88003b090cc0 unity-fallback-      2078            1915            1000            1000   0x000000003bc66000 2019-05-08 08:07:01 UTC+0000
0xffff88003b092640 evolution-calen      2088            1668            1000            1000   0x000000003b170000 2019-05-08 08:07:02 UTC+0000
0xffff88003b24a640 gvfs-udisks2-vo      2101            1668            1000            1000   0x000000003b2a0000 2019-05-08 08:07:02 UTC+0000
0xffff88003b24bfc0 udisksd              2104            1               0               0      0x000000003b370000 2019-05-08 08:07:03 UTC+0000
0xffff880038c20000 fwupd                2112            1               0               0      0x0000000038c28000 2019-05-08 08:07:03 UTC+0000
0xffff880038c26600 gvfs-gphoto2-vo      2120            1668            1000            1000   0x0000000038cc6000 2019-05-08 08:07:03 UTC+0000
0xffff880038d01980 gvfs-goa-volume      2125            1668            1000            1000   0x0000000038d32000 2019-05-08 08:07:03 UTC+0000
0xffff880038d04c80 gvfs-mtp-volume      2130            1668            1000            1000   0x0000000038d5e000 2019-05-08 08:07:04 UTC+0000
0xffff880038d00cc0 gvfs-afc-volume      2135            1668            1000            1000   0x0000000038db0000 2019-05-08 08:07:04 UTC+0000
0xffff880038eef2c0 evolution-calen      2156            2088            1000            1000   0x0000000038800000 2019-05-08 08:07:06 UTC+0000
0xffff880038819980 gvfsd-trash          2163            1668            1000            1000   0x000000003b878000 2019-05-08 08:07:06 UTC+0000
0xffff88003881b300 evolution-calen      2176            2088            1000            1000   0x0000000033214000 2019-05-08 08:07:07 UTC+0000
0xffff880039c16600 evolution-addre      2188            1668            1000            1000   0x000000003a2f4000 2019-05-08 08:07:07 UTC+0000
0xffff880038c22640 evolution-addre      2200            2188            1000            1000   0x00000000388ea000 2019-05-08 08:07:08 UTC+0000
0xffff88003886bfc0 zeitgeist-datah      2244            1915            1000            1000   0x00000000351f6000 2019-05-08 08:07:21 UTC+0000
0xffff880038d06600 sh                   2251            1668            1000            1000   0x00000000388c0000 2019-05-08 08:07:22 UTC+0000
0xffff88003b24cc80 zeitgeist-daemo      2255            2251            1000            1000   0x0000000038952000 2019-05-08 08:07:22 UTC+0000
0xffff880034a8cc80 zeitgeist-fts        2265            1668            1000            1000   0x000000003d016000 2019-05-08 08:07:23 UTC+0000
0xffff8800388f1980 gnome-terminal-      2278            1668            1000            1000   0x0000000038450000 2019-05-08 08:07:24 UTC+0000
0xffff88003baaa640 zsh                  2295            2278            1000            1000   0x0000000038ae6000 2019-05-08 08:07:25 UTC+0000
0xffff88003cabd940 update-notifier      2359            1915            1000            1000   0x0000000039640000 2019-05-08 08:08:01 UTC+0000
0xffff88003504bfc0 deja-dup-monito      2391            1915            1000            1000   0x00000000001d0000 2019-05-08 08:09:01 UTC+0000
0xffff880038dd6600 kworker/0:1          2483            2               0               0      ------------------ 2019-05-08 08:21:23 UTC+0000
0xffff880038d03fc0 kworker/0:4          2611            2               0               0      ------------------ 2019-05-08 08:37:37 UTC+0000
0xffff880038dd4c80 kworker/0:0          2814            2               0               0      ------------------ 2019-05-08 08:59:34 UTC+0000
0xffff88003bdf9980 gvfsd-metadata       2817            1668            1000            1000   0x000000003d370000 2019-05-08 08:59:35 UTC+0000
0xffff88003d124c80 sshd                 2819            1               0               0      0x0000000038a80000 2019-05-08 08:59:35 UTC+0000
0xffff880034950cc0 kworker/0:2          2821            2               0               0      ------------------ 2019-05-08 08:59:35 UTC+0000
0xffff88003d90bfc0 kworker/0:3          2890            2               0               0      ------------------ 2019-05-08 09:01:05 UTC+0000]
port:[
]
ssdt:[
]
2019/05/08 17时01分17秒 vmAnalysis.py[func:analyseProcesses() line:100] Thread-ubuntu-DEBUG: 虚拟机ubuntu进程dockerd不存在
2019/05/08 17时01分17秒 vmInspection.py[func:getNeedData() line:34] Thread-ubuntu-INFO: 从虚拟机ubuntu获取数据中...
sudo python /home/sqq/IdeaProjects/JavaMemory/volatility-2.6/vol.py --profile=LinuxUbuntu1604_145x64 -l vmi://ubuntu linux_pslist
2019/05/08 17时01分41秒 vmController.py[func:startMonitor() line:68] Thread-ubuntu-DEBUG: 
name:ubuntu
process:[
Offset             Name                 Pid             PPid            Uid             Gid    DTB                Start Time
------------------ -------------------- --------------- --------------- --------------- ------ ------------------ ----------
0xffff88003e3f8000 systemd              1               0               0               0      0x000000003db9c000 2019-05-08 08:05:55 UTC+0000
0xffff88003e3f8cc0 kthreadd             2               0               0               0      ------------------ 2019-05-08 08:05:55 UTC+0000
0xffff88003e3f9980 ksoftirqd/0          3               2               0               0      ------------------ 2019-05-08 08:05:55 UTC+0000
0xffff88003e3fb300 kworker/0:0H         5               2               0               0      ------------------ 2019-05-08 08:05:55 UTC+0000
0xffff88003e3fbfc0 kworker/u2:0         6               2               0               0      ------------------ 2019-05-08 08:05:55 UTC+0000
0xffff88003e3fcc80 rcu_sched            7               2               0               0      ------------------ 2019-05-08 08:05:55 UTC+0000
0xffff88003e3fd940 rcu_bh               8               2               0               0      ------------------ 2019-05-08 08:05:55 UTC+0000
0xffff88003e3fe600 migration/0          9               2               0               0      ------------------ 2019-05-08 08:05:55 UTC+0000
0xffff88003e3ff2c0 watchdog/0           10              2               0               0      ------------------ 2019-05-08 08:05:55 UTC+0000
0xffff88003d868000 kdevtmpfs            11              2               0               0      ------------------ 2019-05-08 08:05:55 UTC+0000
0xffff88003d868cc0 netns                12              2               0               0      ------------------ 2019-05-08 08:05:55 UTC+0000
0xffff88003d869980 perf                 13              2               0               0      ------------------ 2019-05-08 08:05:55 UTC+0000
0xffff88003d86a640 khungtaskd           14              2               0               0      ------------------ 2019-05-08 08:05:55 UTC+0000
0xffff88003d86b300 writeback            15              2               0               0      ------------------ 2019-05-08 08:05:55 UTC+0000
0xffff88003d86bfc0 ksmd                 16              2               0               0      ------------------ 2019-05-08 08:05:55 UTC+0000
0xffff88003d86cc80 khugepaged           17              2               0               0      ------------------ 2019-05-08 08:05:55 UTC+0000
0xffff88003d86d940 crypto               18              2               0               0      ------------------ 2019-05-08 08:05:55 UTC+0000
0xffff88003d86e600 kintegrityd          19              2               0               0      ------------------ 2019-05-08 08:05:55 UTC+0000
0xffff88003d86f2c0 bioset               20              2               0               0      ------------------ 2019-05-08 08:05:55 UTC+0000
0xffff88003d908000 kblockd              21              2               0               0      ------------------ 2019-05-08 08:05:55 UTC+0000
0xffff88003d908cc0 ata_sff              22              2               0               0      ------------------ 2019-05-08 08:05:55 UTC+0000
0xffff88003d909980 md                   23              2               0               0      ------------------ 2019-05-08 08:05:55 UTC+0000
0xffff88003d90a640 devfreq_wq           24              2               0               0      ------------------ 2019-05-08 08:05:55 UTC+0000
0xffff88003d90b300 kworker/u2:1         25              2               0               0      ------------------ 2019-05-08 08:05:55 UTC+0000
0xffff88003d90d940 kswapd0              28              2               0               0      ------------------ 2019-05-08 08:05:55 UTC+0000
0xffff88003d90e600 vmstat               29              2               0               0      ------------------ 2019-05-08 08:05:55 UTC+0000
0xffff88003d90f2c0 fsnotify_mark        30              2               0               0      ------------------ 2019-05-08 08:05:55 UTC+0000
0xffff8800373b8000 ecryptfs-kthrea      31              2               0               0      ------------------ 2019-05-08 08:05:55 UTC+0000
0xffff8800373fcc80 kthrotld             47              2               0               0      ------------------ 2019-05-08 08:05:55 UTC+0000
0xffff8800373fd940 acpi_thermal_pm      48              2               0               0      ------------------ 2019-05-08 08:05:55 UTC+0000
0xffff8800373fbfc0 vballoon             49              2               0               0      ------------------ 2019-05-08 08:05:55 UTC+0000
0xffff8800373fb300 bioset               50              2               0               0      ------------------ 2019-05-08 08:05:56 UTC+0000
0xffff8800373fa640 bioset               51              2               0               0      ------------------ 2019-05-08 08:05:56 UTC+0000
0xffff8800373f9980 bioset               52              2               0               0      ------------------ 2019-05-08 08:05:56 UTC+0000
0xffff8800373f8cc0 bioset               53              2               0               0      ------------------ 2019-05-08 08:05:56 UTC+0000
0xffff8800373f8000 bioset               54              2               0               0      ------------------ 2019-05-08 08:05:56 UTC+0000
0xffff8800373fe600 bioset               55              2               0               0      ------------------ 2019-05-08 08:05:56 UTC+0000
0xffff8800373ff2c0 bioset               56              2               0               0      ------------------ 2019-05-08 08:05:56 UTC+0000
0xffff8800373bf2c0 bioset               57              2               0               0      ------------------ 2019-05-08 08:05:56 UTC+0000
0xffff8800373be600 bioset               58              2               0               0      ------------------ 2019-05-08 08:05:56 UTC+0000
0xffff8800373bd940 scsi_eh_0            59              2               0               0      ------------------ 2019-05-08 08:05:56 UTC+0000
0xffff8800373bcc80 scsi_tmf_0           60              2               0               0      ------------------ 2019-05-08 08:05:56 UTC+0000
0xffff8800373bbfc0 scsi_eh_1            61              2               0               0      ------------------ 2019-05-08 08:05:56 UTC+0000
0xffff8800373bb300 scsi_tmf_1           62              2               0               0      ------------------ 2019-05-08 08:05:56 UTC+0000
0xffff880035048cc0 ipv6_addrconf        68              2               0               0      ------------------ 2019-05-08 08:05:56 UTC+0000
0xffff8800350bb300 deferwq              81              2               0               0      ------------------ 2019-05-08 08:05:56 UTC+0000
0xffff8800350bbfc0 charger_manager      82              2               0               0      ------------------ 2019-05-08 08:05:56 UTC+0000
0xffff8800350bd940 bioset               121             2               0               0      ------------------ 2019-05-08 08:05:56 UTC+0000
0xffff8800350be600 bioset               122             2               0               0      ------------------ 2019-05-08 08:05:56 UTC+0000
0xffff8800350bf2c0 bioset               123             2               0               0      ------------------ 2019-05-08 08:05:56 UTC+0000
0xffff8800350b8cc0 bioset               124             2               0               0      ------------------ 2019-05-08 08:05:56 UTC+0000
0xffff8800373b8cc0 bioset               126             2               0               0      ------------------ 2019-05-08 08:05:56 UTC+0000
0xffff8800353a8000 bioset               127             2               0               0      ------------------ 2019-05-08 08:05:56 UTC+0000
0xffff8800353a8cc0 bioset               128             2               0               0      ------------------ 2019-05-08 08:05:56 UTC+0000
0xffff8800353a9980 bioset               129             2               0               0      ------------------ 2019-05-08 08:05:56 UTC+0000
0xffff8800353aa640 kpsmoused            130             2               0               0      ------------------ 2019-05-08 08:05:56 UTC+0000
0xffff8800353abfc0 ttm_swap             132             2               0               0      ------------------ 2019-05-08 08:05:56 UTC+0000
0xffff8800353acc80 qxl_gc               133             2               0               0      ------------------ 2019-05-08 08:05:56 UTC+0000
0xffff8800352672c0 kworker/0:1H         154             2               0               0      ------------------ 2019-05-08 08:05:57 UTC+0000
0xffff880035260000 jbd2/vda1-8          160             2               0               0      ------------------ 2019-05-08 08:05:59 UTC+0000
0xffff880035260cc0 ext4-rsv-conver      161             2               0               0      ------------------ 2019-05-08 08:05:59 UTC+0000
0xffff880035049980 systemd-journal      188             1               0               0      0x0000000035206000 2019-05-08 08:06:01 UTC+0000
0xffff8800353ad940 kauditd              203             2               0               0      ------------------ 2019-05-08 08:06:01 UTC+0000
0xffff880039c7cc80 systemd-udevd        231             1               0               0      0x000000003528e000 2019-05-08 08:06:02 UTC+0000
0xffff880035264c80 systemd-timesyn      337             1               100             102    0x0000000039482000 2019-05-08 08:06:03 UTC+0000
0xffff880039c7e600 avahi-daemon         541             1               111             120    0x00000000349e2000 2019-05-08 08:06:06 UTC+0000
0xffff880039c78cc0 systemd-logind       544             1               0               0      0x00000000386be000 2019-05-08 08:06:06 UTC+0000
0xffff880034954c80 dbus-daemon          546             1               106             110    0x0000000039400000 2019-05-08 08:06:06 UTC+0000
0xffff88003504a640 avahi-daemon         607             541             111             120    0x0000000039ccc000 2019-05-08 08:06:06 UTC+0000
0xffff880035048000 rsyslogd             608             1               104             108    0x000000003a328000 2019-05-08 08:06:07 UTC+0000
0xffff880034955940 ModemManager         609             1               0               0      0x000000003a382000 2019-05-08 08:06:07 UTC+0000
0xffff880039c7b300 cron                 611             1               0               0      0x000000003a3b0000 2019-05-08 08:06:07 UTC+0000
0xffff880035263fc0 whoopsie             622             1               109             116    0x00000000372ea000 2019-05-08 08:06:07 UTC+0000
0xffff880037224c80 accounts-daemon      631             1               0               0      0x00000000333ce000 2019-05-08 08:06:07 UTC+0000
0xffff880033302640 acpid                638             1               0               0      0x0000000039044000 2019-05-08 08:06:07 UTC+0000
0xffff880039033300 cupsd                651             1               0               0      0x00000000395d4000 2019-05-08 08:06:07 UTC+0000
0xffff880039571980 cups-browsed         660             1               0               0      0x000000003c836000 2019-05-08 08:06:07 UTC+0000
0xffff880039572640 NetworkManager       661             1               0               0      0x0000000039d78000 2019-05-08 08:06:07 UTC+0000
0xffff880039575940 lightdm              709             1               0               0      0x000000003498e000 2019-05-08 08:06:07 UTC+0000
0xffff88003c8a0cc0 polkitd              718             1               0               0      0x000000003333e000 2019-05-08 08:06:08 UTC+0000
0xffff88003c8a3fc0 dbus                 785             651             7               7      0x0000000033338000 2019-05-08 08:06:09 UTC+0000
0xffff88003c8a0000 dbus                 786             651             7               7      0x000000003868e000 2019-05-08 08:06:09 UTC+0000
0xffff88003504cc80 Xorg                 795             709             0               0      0x00000000387c0000 2019-05-08 08:06:10 UTC+0000
0xffff880034952640 containerd           815             1               0               0      0x00000000349dc000 2019-05-08 08:06:10 UTC+0000
0xffff88003d126600 mysqld               830             1               122             129    0x000000003a21e000 2019-05-08 08:06:10 UTC+0000
0xffff880039030000 dhclient             853             661             0               0      0x000000003c8b8000 2019-05-08 08:06:13 UTC+0000
0xffff88003d120cc0 dnsmasq              870             661             -               30     0x00000000390e0000 2019-05-08 08:06:15 UTC+0000
0xffff880035261980 agetty               1008            1               0               0      0x0000000035768000 2019-05-08 08:06:18 UTC+0000
0xffff88003d2e1980 apache2              1150            1               0               0      0x0000000039daa000 2019-05-08 08:06:23 UTC+0000
0xffff88003cab9980 apache2              1225            1150            33              33     0x000000003c860000 2019-05-08 08:06:28 UTC+0000
0xffff88003caba640 apache2              1226            1150            33              33     0x000000003cb48000 2019-05-08 08:06:28 UTC+0000
0xffff88003cabb300 apache2              1227            1150            33              33     0x000000003cbe8000 2019-05-08 08:06:28 UTC+0000
0xffff88003cabbfc0 apache2              1228            1150            33              33     0x000000000001e000 2019-05-08 08:06:28 UTC+0000
0xffff88003cabcc80 apache2              1229            1150            33              33     0x000000003a0e2000 2019-05-08 08:06:28 UTC+0000
0xffff88003971bfc0 lightdm              1472            709             0               0      0x00000000396d8000 2019-05-08 08:06:38 UTC+0000
0xffff880037024c80 upowerd              1562            1               0               0      0x000000003714e000 2019-05-08 08:06:40 UTC+0000
0xffff88003849b300 rtkit-daemon         1595            1               118             126    0x0000000033092000 2019-05-08 08:06:40 UTC+0000
0xffff8800330dbfc0 colord               1610            1               113             123    0x0000000037186000 2019-05-08 08:06:42 UTC+0000
0xffff8800331e1980 systemd              1649            1               1000            1000   0x000000003c838000 2019-05-08 08:06:46 UTC+0000
0xffff8800331e72c0 (sd-pam)             1650            1649            1000            1000   0x000000003d302000 2019-05-08 08:06:46 UTC+0000
0xffff88003971b300 gnome-keyring-d      1666            1               1000            1000   0x000000003ca64000 2019-05-08 08:06:46 UTC+0000
0xffff880039718cc0 upstart              1668            1472            1000            1000   0x000000003967a000 2019-05-08 08:06:47 UTC+0000
0xffff880039719980 upstart-udev-br      1753            1668            1000            1000   0x00000000396d2000 2019-05-08 08:06:51 UTC+0000
0xffff88003971d940 dbus-daemon          1756            1668            1000            1000   0x0000000039e0a000 2019-05-08 08:06:51 UTC+0000
0xffff8800331e5940 window-stack-br      1768            1668            1000            1000   0x0000000039e2c000 2019-05-08 08:06:51 UTC+0000
0xffff8800330d8000 ibus-daemon          1793            1668            1000            1000   0x00000000396c0000 2019-05-08 08:06:51 UTC+0000
0xffff8800371d5940 upstart-dbus-br      1803            1668            1000            1000   0x0000000039770000 2019-05-08 08:06:51 UTC+0000
0xffff88003d120000 upstart-dbus-br      1805            1668            1000            1000   0x000000003a1ae000 2019-05-08 08:06:51 UTC+0000
0xffff8800330da640 gvfsd                1814            1668            1000            1000   0x000000003ca1c000 2019-05-08 08:06:51 UTC+0000
0xffff880037020cc0 gvfsd-fuse           1819            1668            1000            1000   0x00000000370d4000 2019-05-08 08:06:51 UTC+0000
0xffff88003971f2c0 ibus-dconf           1833            1793            1000            1000   0x000000003c898000 2019-05-08 08:06:51 UTC+0000
0xffff8800370272c0 upstart-file-br      1835            1668            1000            1000   0x0000000039694000 2019-05-08 08:06:51 UTC+0000
0xffff880037023300 ibus-ui-gtk3         1838            1793            1000            1000   0x000000003975a000 2019-05-08 08:06:51 UTC+0000
0xffff88003971cc80 ibus-x11             1840            1668            1000            1000   0x0000000039450000 2019-05-08 08:06:51 UTC+0000
0xffff880038499980 at-spi-bus-laun      1849            1668            1000            1000   0x0000000039376000 2019-05-08 08:06:52 UTC+0000
0xffff880039329980 dbus-daemon          1857            1849            1000            1000   0x0000000038416000 2019-05-08 08:06:52 UTC+0000
0xffff880039328cc0 at-spi2-registr      1859            1668            1000            1000   0x00000000331f0000 2019-05-08 08:06:52 UTC+0000
0xffff88003504e600 ibus-engine-sim      1863            1793            1000            1000   0x0000000038406000 2019-05-08 08:06:52 UTC+0000
0xffff880039442640 bamfdaemon           1869            1668            1000            1000   0x000000003a1d0000 2019-05-08 08:06:52 UTC+0000
0xffff8800331e4c80 gpg-agent            1884            1668            1000            1000   0x000000003a1d6000 2019-05-08 08:06:55 UTC+0000
0xffff88003971a640 hud-service          1900            1668            1000            1000   0x000000003a1d2000 2019-05-08 08:06:57 UTC+0000
0xffff8800331e0000 unity-settings-      1902            1668            1000            1000   0x000000003ca98000 2019-05-08 08:06:57 UTC+0000
0xffff88003d2e3fc0 gnome-session-b      1915            1668            1000            1000   0x000000003d268000 2019-05-08 08:06:57 UTC+0000
0xffff88003d2e4c80 compiz               1916            1668            1000            1000   0x0000000039e38000 2019-05-08 08:06:57 UTC+0000
0xffff88003d2e2640 unity-panel-ser      1921            1668            1000            1000   0x00000000385ac000 2019-05-08 08:06:57 UTC+0000
0xffff880038573300 indicator-messa      1937            1668            1000            1000   0x0000000039fb4000 2019-05-08 08:06:58 UTC+0000
0xffff880038573fc0 indicator-bluet      1938            1668            1000            1000   0x0000000034a80000 2019-05-08 08:06:58 UTC+0000
0xffff880034a88000 indicator-power      1943            1668            1000            1000   0x0000000034ae4000 2019-05-08 08:06:58 UTC+0000
0xffff880034a89980 dconf-service        1945            1668            1000            1000   0x0000000034af8000 2019-05-08 08:06:58 UTC+0000
0xffff880034a8b300 indicator-datet      1947            1668            1000            1000   0x0000000034b22000 2019-05-08 08:06:58 UTC+0000
0xffff880034a8d940 indicator-keybo      1950            1668            1000            1000   0x0000000034b8c000 2019-05-08 08:06:58 UTC+0000
0xffff880034b81980 indicator-sound      1955            1668            1000            1000   0x0000000034be0000 2019-05-08 08:06:58 UTC+0000
0xffff880034b82640 indicator-print      1956            1668            1000            1000   0x000000003bcfe000 2019-05-08 08:06:58 UTC+0000
0xffff880034b83fc0 indicator-sessi      1958            1668            1000            1000   0x000000003bd84000 2019-05-08 08:06:58 UTC+0000
0xffff88003bdfcc80 indicator-appli      1979            1668            1000            1000   0x0000000039fb0000 2019-05-08 08:06:58 UTC+0000
0xffff88003bfab300 evolution-sourc      2000            1668            1000            1000   0x000000003b816000 2019-05-08 08:06:58 UTC+0000
0xffff880038571980 pulseaudio           2006            1668            1000            1000   0x000000003b916000 2019-05-08 08:06:58 UTC+0000
0xffff880034953300 nm-applet            2060            1915            1000            1000   0x000000003bafc000 2019-05-08 08:07:00 UTC+0000
0xffff88003b9872c0 nautilus             2069            1915            1000            1000   0x000000003b028000 2019-05-08 08:07:00 UTC+0000
0xffff88003bfa9980 gnome-software       2075            1915            1000            1000   0x000000003b082000 2019-05-08 08:07:00 UTC+0000
0xffff88003baae600 polkit-gnome-au      2076            1915            1000            1000   0x000000003b08e000 2019-05-08 08:07:01 UTC+0000
0xffff88003b090cc0 unity-fallback-      2078            1915            1000            1000   0x000000003bc66000 2019-05-08 08:07:01 UTC+0000
0xffff88003b092640 evolution-calen      2088            1668            1000            1000   0x000000003b170000 2019-05-08 08:07:02 UTC+0000
0xffff88003b24a640 gvfs-udisks2-vo      2101            1668            1000            1000   0x000000003b2a0000 2019-05-08 08:07:02 UTC+0000
0xffff88003b24bfc0 udisksd              2104            1               0               0      0x000000003b370000 2019-05-08 08:07:03 UTC+0000
0xffff880038c20000 fwupd                2112            1               0               0      0x0000000038c28000 2019-05-08 08:07:03 UTC+0000
0xffff880038c26600 gvfs-gphoto2-vo      2120            1668            1000            1000   0x0000000038cc6000 2019-05-08 08:07:03 UTC+0000
0xffff880038d01980 gvfs-goa-volume      2125            1668            1000            1000   0x0000000038d32000 2019-05-08 08:07:03 UTC+0000
0xffff880038d04c80 gvfs-mtp-volume      2130            1668            1000            1000   0x0000000038d5e000 2019-05-08 08:07:04 UTC+0000
0xffff880038d00cc0 gvfs-afc-volume      2135            1668            1000            1000   0x0000000038db0000 2019-05-08 08:07:04 UTC+0000
0xffff880038eef2c0 evolution-calen      2156            2088            1000            1000   0x0000000038800000 2019-05-08 08:07:06 UTC+0000
0xffff880038819980 gvfsd-trash          2163            1668            1000            1000   0x000000003b878000 2019-05-08 08:07:06 UTC+0000
0xffff88003881b300 evolution-calen      2176            2088            1000            1000   0x0000000033214000 2019-05-08 08:07:07 UTC+0000
0xffff880039c16600 evolution-addre      2188            1668            1000            1000   0x000000003a2f4000 2019-05-08 08:07:07 UTC+0000
0xffff880038c22640 evolution-addre      2200            2188            1000            1000   0x00000000388ea000 2019-05-08 08:07:08 UTC+0000
0xffff88003886bfc0 zeitgeist-datah      2244            1915            1000            1000   0x00000000351f6000 2019-05-08 08:07:21 UTC+0000
0xffff880038d06600 sh                   2251            1668            1000            1000   0x00000000388c0000 2019-05-08 08:07:22 UTC+0000
0xffff88003b24cc80 zeitgeist-daemo      2255            2251            1000            1000   0x0000000038952000 2019-05-08 08:07:22 UTC+0000
0xffff880034a8cc80 zeitgeist-fts        2265            1668            1000            1000   0x000000003d016000 2019-05-08 08:07:23 UTC+0000
0xffff8800388f1980 gnome-terminal-      2278            1668            1000            1000   0x0000000038450000 2019-05-08 08:07:24 UTC+0000
0xffff88003baaa640 zsh                  2295            2278            1000            1000   0x0000000038ae6000 2019-05-08 08:07:25 UTC+0000
0xffff88003cabd940 update-notifier      2359            1915            1000            1000   0x0000000039640000 2019-05-08 08:08:01 UTC+0000
0xffff88003504bfc0 deja-dup-monito      2391            1915            1000            1000   0x00000000001d0000 2019-05-08 08:09:01 UTC+0000
0xffff880038dd6600 kworker/0:1          2483            2               0               0      ------------------ 2019-05-08 08:21:23 UTC+0000
0xffff880038d03fc0 kworker/0:4          2611            2               0               0      ------------------ 2019-05-08 08:37:37 UTC+0000
0xffff880038dd4c80 kworker/0:0          2814            2               0               0      ------------------ 2019-05-08 08:59:34 UTC+0000
0xffff88003bdf9980 gvfsd-metadata       2817            1668            1000            1000   0x000000003d370000 2019-05-08 08:59:35 UTC+0000
0xffff88003d124c80 sshd                 2819            1               0               0      0x0000000038a80000 2019-05-08 08:59:35 UTC+0000
0xffff880034950cc0 kworker/0:2          2821            2               0               0      ------------------ 2019-05-08 08:59:35 UTC+0000
0xffff88003d90bfc0 kworker/0:3          2890            2               0               0      ------------------ 2019-05-08 09:01:05 UTC+0000]
port:[
]
ssdt:[
]
2019/05/08 17时01分41秒 vmAnalysis.py[func:analyseProcesses() line:100] Thread-ubuntu-DEBUG: 虚拟机ubuntu进程dockerd不存在
2019/05/08 17时01分41秒 vmInspection.py[func:getNeedData() line:34] Thread-ubuntu-INFO: 从虚拟机ubuntu获取数据中...
sudo python /home/sqq/IdeaProjects/JavaMemory/volatility-2.6/vol.py --profile=LinuxUbuntu1604_145x64 -l vmi://ubuntu linux_pslist
